<?xml version="1.0" encoding="UTF-8"?>
<!-- Generated by org.testng.reporters.JUnitReportReporter -->
<testsuite hostname="QT-INBG-LT0237" failures="0" tests="1" name="application.contactus" time="9.314" errors="0" timestamp="2022-06-16T15:19:25 IST" skipped="0">
  <testcase classname="application.contactus" name="contactUs" time="9.314"/>
  <system-out/>
</testsuite> <!-- application.contactus -->
