<?xml version="1.0" encoding="UTF-8"?>
<!-- Generated by org.testng.reporters.JUnitReportReporter -->
<testsuite hostname="QT-INBG-LT0237" failures="0" tests="2" name="automobile.mobileapp.contactus" time="11.620" errors="0" timestamp="2022-06-16T17:23:03 IST" skipped="0">
  <testcase classname="automobile.mobileapp.contactus" name="Lanching_the_Browser" time="6.621"/>
  <system-out/>
  <testcase classname="automobile.mobileapp.contactus" name="contactUs" time="4.999"/>
  <system-out/>
</testsuite> <!-- automobile.mobileapp.contactus -->
