<?xml version="1.0" encoding="UTF-8"?>
<!-- Generated by org.testng.reporters.JUnitReportReporter -->
<testsuite hostname="QT-INBG-LT0237" failures="0" tests="1" name="automobile.mobileapp.launching" time="6.361" errors="0" timestamp="2022-06-16T17:23:04 IST" skipped="0">
  <testcase classname="automobile.mobileapp.launching" name="Lanching_the_Browser" time="6.361"/>
  <system-out/>
</testsuite> <!-- automobile.mobileapp.launching -->
