<?xml version="1.0" encoding="UTF-8"?>
<!-- Generated by org.testng.reporters.JUnitReportReporter -->
<testsuite hostname="QT-INBG-LT0237" failures="0" tests="2" name="automobile.mobileapp.signin_and_signup" time="10.956" errors="0" timestamp="2022-06-16T17:23:04 IST" skipped="0">
  <testcase classname="automobile.mobileapp.signin_and_signup" name="Sigup_for_mobiles" time="5.910"/>
  <system-out/>
  <testcase classname="automobile.mobileapp.signin_and_signup" name="Lanching_the_Browser" time="5.046"/>
  <system-out/>
</testsuite> <!-- automobile.mobileapp.signin_and_signup -->
