<?xml version="1.0" encoding="UTF-8"?>
<!-- Generated by org.testng.reporters.JUnitReportReporter -->
<testsuite hostname="QT-INBG-LT0237" failures="0" tests="3" name="automobile.mobileapp.order" time="15.778" errors="0" timestamp="2022-06-16T17:24:54 IST" skipped="0">
  <testcase classname="automobile.mobileapp.order" name="Lanching_the_Browser" time="6.511"/>
  <system-out/>
  <testcase classname="automobile.mobileapp.order" name="search" time="3.500"/>
  <system-out/>
  <testcase classname="automobile.mobileapp.order" name="Order" time="5.767"/>
  <system-out/>
</testsuite> <!-- automobile.mobileapp.order -->
