<?xml version="1.0" encoding="UTF-8"?>
<!-- Generated by org.testng.reporters.JUnitReportReporter -->
<testsuite hostname="QT-INBG-LT0237" failures="0" tests="1" name="application.homepage" time="15.144" errors="0" timestamp="2022-06-16T15:07:18 IST" skipped="0">
  <testcase classname="application.homepage" name="Home" time="15.144"/>
  <system-out/>
</testsuite> <!-- application.homepage -->
